Arguments: 
  /usr/local/bin/node /Users/szcookie/.yarn/bin/yarn.js

PATH: 
  /Users/szcookie/.yarn/bin:/Users/szcookie/.config/yarn/global/node_modules/.bin:/anaconda3/bin:/Users/szcookie/.yarn/bin:/Users/szcookie/.config/yarn/global/node_modules/.bin:/anaconda3/bin:/usr/local/bin:/usr/bin:/bin:/usr/sbin:/sbin:/Users/szcookie/Library/Android/sdk/tools:/Users/szcookie/Library/Android/sdk/tools/bin:/Users/szcookie/Library/Android/sdk/platform-tools:/Users/szcookie/Library/Android/sdk/emulator:/Users/szcookie/Library/Android/sdk/tools:/Users/szcookie/Library/Android/sdk/tools/bin:/Users/szcookie/Library/Android/sdk/platform-tools:/Users/szcookie/Library/Android/sdk/emulator

Yarn version: 
  1.19.1

Node version: 
  12.13.0

Platform: 
  darwin x64

Trace: 
  Error: ENOSPC: no space left on device, copyfile '/Users/szcookie/Library/Caches/Yarn/v6/npm-jest-config-24.9.0-fb1bbc60c73a46af03590719efa4825e6e4dd1b5-integrity/node_modules/jest-config/build/index.d.ts.map' -> '/Users/szcookie/Desktop/cookie-native/node_modules/jest-config/build/index.d.ts.map'

npm manifest: 
  {
    "main": "node_modules/expo/AppEntry.js",
    "scripts": {
      "start": "expo start",
      "android": "expo start --android",
      "ios": "expo start --ios",
      "web": "expo start --web",
      "eject": "expo eject",
      "test": "jest --watchAll"
    },
    "jest": {
      "preset": "jest-expo"
    },
    "dependencies": {
      "@expo/vector-icons": "~10.0.0",
      "@react-native-community/masked-view": "0.1.5",
      "@react-navigation/bottom-tabs": "^5.0.0",
      "@react-navigation/native": "^5.0.0",
      "@react-navigation/stack": "^5.0.0",
      "@react-navigation/web": "~1.0.0-alpha.9",
      "expo": "~36.0.0",
      "expo-asset": "~8.0.0",
      "expo-constants": "~8.0.0",
      "expo-font": "~8.0.0",
      "expo-web-browser": "~8.0.0",
      "react": "~16.9.0",
      "react-dom": "~16.9.0",
      "react-native": "https://github.com/expo/react-native/archive/sdk-36.0.0.tar.gz",
      "react-native-gesture-handler": "~1.5.0",
      "react-native-safe-area-context": "0.6.0",
      "react-native-screens": "2.0.0-alpha.12",
      "react-native-web": "~0.11.7"
    },
    "devDependencies": {
      "@babel/core": "^7.0.0",
      "babel-preset-expo": "~8.0.0",
      "jest-expo": "~36.0.1"
    },
    "private": true
  }

yarn manifest: 
  No manifest

Lockfile: 
  No lockfile
